<?xml version="1.0" encoding="UTF-8"?>
<!-- Generated by org.testng.reporters.JUnitReportReporter -->
<testsuite hostname="EXIPC0189" name="WebApp.NOC.testcases.HomePageTestCases" tests="1" failures="0" timestamp="26 Sep 2023 11:47:01 GMT" time="0.002" errors="1">
  <testcase name="CreateUrgentAlertsTest" time="0.002" classname="WebApp.NOC.testcases.HomePageTestCases">
    <error type="org.openqa.selenium.SessionNotCreatedException" message="session not created: This version of ChromeDriver only supports Chrome version 114
Current browser version is 116.0.5845.188 with binary path C:\Program Files\Google\Chrome\Application\chrome.exe
Build info: version: &#039;3.141.59&#039;, revision: &#039;e82be7d358&#039;, time: &#039;2018-11-14T08:17:03&#039;
System info: host: &#039;EXIPC0189&#039;, ip: &#039;172.17.10.201&#039;, os.name: &#039;Windows 10&#039;, os.arch: &#039;amd64&#039;, os.version: &#039;10.0&#039;, java.version: &#039;1.8.0_331&#039;
Driver info: driver.version: ChromeDriver
remote stacktrace: Backtrace:
	GetHandleVerifier [0x00CAA813+48355]
	(No symbol) [0x00C3C4B1]
	(No symbol) [0x00B45358]
	(No symbol) [0x00B661AC]
	(No symbol) [0x00B61EF3]
	(No symbol) [0x00B60579]
	(No symbol) [0x00B90C55]
	(No symbol) [0x00B9093C]
	(No symbol) [0x00B8A536]
	(No symbol) [0x00B682DC]
	(No symbol) [0x00B693DD]
	GetHandleVerifier [0x00F0AABD+2539405]
	GetHandleVerifier [0x00F4A78F+2800735]
	GetHandleVerifier [0x00F4456C+2775612]
	GetHandleVerifier [0x00D351E0+616112]
	(No symbol) [0x00C45F8C]
	(No symbol) [0x00C42328]
	(No symbol) [0x00C4240B]
	(No symbol) [0x00C34FF7]
	BaseThreadInitThunk [0x7566FA29+25]
	RtlGetAppContainerNamedObjectPath [0x77797A7E+286]
	RtlGetAppContainerNamedObjectPath [0x77797A4E+238]
">
      <![CDATA[org.openqa.selenium.SessionNotCreatedException: session not created: This version of ChromeDriver only supports Chrome version 114
Current browser version is 116.0.5845.188 with binary path C:\Program Files\Google\Chrome\Application\chrome.exe
Build info: version: '3.141.59', revision: 'e82be7d358', time: '2018-11-14T08:17:03'
System info: host: 'EXIPC0189', ip: '172.17.10.201', os.name: 'Windows 10', os.arch: 'amd64', os.version: '10.0', java.version: '1.8.0_331'
Driver info: driver.version: ChromeDriver
remote stacktrace: Backtrace:
	GetHandleVerifier [0x00CAA813+48355]
	(No symbol) [0x00C3C4B1]
	(No symbol) [0x00B45358]
	(No symbol) [0x00B661AC]
	(No symbol) [0x00B61EF3]
	(No symbol) [0x00B60579]
	(No symbol) [0x00B90C55]
	(No symbol) [0x00B9093C]
	(No symbol) [0x00B8A536]
	(No symbol) [0x00B682DC]
	(No symbol) [0x00B693DD]
	GetHandleVerifier [0x00F0AABD+2539405]
	GetHandleVerifier [0x00F4A78F+2800735]
	GetHandleVerifier [0x00F4456C+2775612]
	GetHandleVerifier [0x00D351E0+616112]
	(No symbol) [0x00C45F8C]
	(No symbol) [0x00C42328]
	(No symbol) [0x00C4240B]
	(No symbol) [0x00C34FF7]
	BaseThreadInitThunk [0x7566FA29+25]
	RtlGetAppContainerNamedObjectPath [0x77797A7E+286]
	RtlGetAppContainerNamedObjectPath [0x77797A4E+238]

	at sun.reflect.NativeConstructorAccessorImpl.newInstance0(Native Method)
	at sun.reflect.NativeConstructorAccessorImpl.newInstance(Unknown Source)
	at sun.reflect.DelegatingConstructorAccessorImpl.newInstance(Unknown Source)
	at java.lang.reflect.Constructor.newInstance(Unknown Source)
	at org.openqa.selenium.remote.W3CHandshakeResponse.lambda$errorHandler$0(W3CHandshakeResponse.java:62)
	at org.openqa.selenium.remote.HandshakeResponse.lambda$getResponseFunction$0(HandshakeResponse.java:30)
	at org.openqa.selenium.remote.ProtocolHandshake.lambda$createSession$0(ProtocolHandshake.java:126)
	at java.util.stream.ReferencePipeline$3$1.accept(Unknown Source)
	at java.util.Spliterators$ArraySpliterator.tryAdvance(Unknown Source)
	at java.util.stream.ReferencePipeline.forEachWithCancel(Unknown Source)
	at java.util.stream.AbstractPipeline.copyIntoWithCancel(Unknown Source)
	at java.util.stream.AbstractPipeline.copyInto(Unknown Source)
	at java.util.stream.AbstractPipeline.wrapAndCopyInto(Unknown Source)
	at java.util.stream.FindOps$FindOp.evaluateSequential(Unknown Source)
	at java.util.stream.AbstractPipeline.evaluate(Unknown Source)
	at java.util.stream.ReferencePipeline.findFirst(Unknown Source)
	at org.openqa.selenium.remote.ProtocolHandshake.createSession(ProtocolHandshake.java:128)
	at org.openqa.selenium.remote.ProtocolHandshake.createSession(ProtocolHandshake.java:74)
	at org.openqa.selenium.remote.HttpCommandExecutor.execute(HttpCommandExecutor.java:136)
	at org.openqa.selenium.remote.service.DriverCommandExecutor.execute(DriverCommandExecutor.java:83)
	at org.openqa.selenium.remote.RemoteWebDriver.execute(RemoteWebDriver.java:552)
	at org.openqa.selenium.remote.RemoteWebDriver.startSession(RemoteWebDriver.java:213)
	at org.openqa.selenium.remote.RemoteWebDriver.<init>(RemoteWebDriver.java:131)
	at org.openqa.selenium.chrome.ChromeDriver.<init>(ChromeDriver.java:181)
	at org.openqa.selenium.chrome.ChromeDriver.<init>(ChromeDriver.java:168)
	at org.openqa.selenium.chrome.ChromeDriver.<init>(ChromeDriver.java:123)
	at WebApp.NOC.BaseClass.WebBase.init(WebBase.java:53)
	at WebApp.NOC.testcases.HomePageTestCases.setUp(HomePageTestCases.java:26)
	at sun.reflect.NativeMethodAccessorImpl.invoke0(Native Method)
	at sun.reflect.NativeMethodAccessorImpl.invoke(Unknown Source)
	at sun.reflect.DelegatingMethodAccessorImpl.invoke(Unknown Source)
	at java.lang.reflect.Method.invoke(Unknown Source)
	at org.testng.internal.MethodInvocationHelper.invokeMethod(MethodInvocationHelper.java:86)
	at org.testng.internal.Invoker.invokeConfigurationMethod(Invoker.java:514)
	at org.testng.internal.Invoker.invokeConfigurations(Invoker.java:215)
	at org.testng.internal.Invoker.invokeMethod(Invoker.java:589)
	at org.testng.internal.Invoker.invokeTestMethod(Invoker.java:820)
	at org.testng.internal.Invoker.invokeTestMethods(Invoker.java:1128)
	at org.testng.internal.TestMethodWorker.invokeTestMethods(TestMethodWorker.java:129)
	at org.testng.internal.TestMethodWorker.run(TestMethodWorker.java:112)
	at java.util.concurrent.ThreadPoolExecutor.runWorker(Unknown Source)
	at java.util.concurrent.ThreadPoolExecutor$Worker.run(Unknown Source)
	at java.lang.Thread.run(Unknown Source)
]]>
    </error>
  </testcase> <!-- CreateUrgentAlertsTest -->
</testsuite> <!-- WebApp.NOC.testcases.HomePageTestCases -->
